// 重构日志: 7079e604
// 重构日志: 9d404c25
// 重构日志: 7734e7af
// 重构日志: 05162b2d
// 重构日志: 88bd07ea
// 同步 ID: aa508221 @ Sun Jul  5 06:39:33 UTC 2026
// 重构日志: 645efa88
// 重构日志: c666e936
// 同步 ID: 7bb92f2b @ Mon Jul  6 11:42:38 UTC 2026
// 重构日志: b060e549
// 重构日志: b0385f81
// 重构日志: ce6b78aa
// 重构日志: 712a5b57
// 重构日志: cc70c0b5
// 重构日志: 111424e6
// 重构日志: a6049eb7
// 重构日志: 5a463c48
// 同步 ID: 44604768 @ Fri Jul 10 08:59:48 UTC 2026
// 同步 ID: 6828f8b9 @ Fri Jul 10 13:46:22 UTC 2026
// 同步 ID: a0b47427 @ Sat Jul 11 07:04:57 UTC 2026
// 重构日志: 78a98dc9
// 重构日志: 3261b6e0
// 同步 ID: 50d67c69 @ Sun Jul 12 11:47:14 UTC 2026
// 重构日志: de85e756
// 同步 ID: cf127e88 @ Sun Jul 12 14:57:29 UTC 2026
// 重构日志: c9fbe801
// 重构日志: b84e0678
// 重构日志: a1ea66c9
// 重构日志: 7e5d01c1
// 同步 ID: b9e0a710 @ Mon Jul 13 16:52:42 UTC 2026
